{"/Users/georgiypetrenko/Documents/PROGRAMMING/GIT_HUB_PROJECTS/TEST_TASK_CLOUD_STORAGE/cloud-storage/src/App.tsx": {"path":"/Users/georgiypetrenko/Documents/PROGRAMMING/GIT_HUB_PROJECTS/TEST_TASK_CLOUD_STORAGE/cloud-storage/src/App.tsx","statementMap":{"0":{"start":{"line":1,"column":0},"end":{"line":1,"column":43}},"1":{"start":{"line":3,"column":0},"end":{"line":3,"column":39}},"2":{"start":{"line":6,"column":2},"end":{"line":10,"column":4}},"3":{"start":{"line":13,"column":0},"end":{"line":13,"column":19}}},"fnMap":{"0":{"name":"App","decl":{"start":{"line":5,"column":9},"end":{"line":5,"column":12}},"loc":{"start":{"line":5,"column":12},"end":{"line":11,"column":1}}}},"branchMap":{},"s":{"0":0,"1":0,"2":0,"3":0},"f":{"0":0},"b":{}}
,"/Users/georgiypetrenko/Documents/PROGRAMMING/GIT_HUB_PROJECTS/TEST_TASK_CLOUD_STORAGE/cloud-storage/src/main.tsx": {"path":"/Users/georgiypetrenko/Documents/PROGRAMMING/GIT_HUB_PROJECTS/TEST_TASK_CLOUD_STORAGE/cloud-storage/src/main.tsx","statementMap":{"0":{"start":{"line":2,"column":0},"end":{"line":2,"column":40}},"1":{"start":{"line":3,"column":0},"end":{"line":3,"column":24}},"2":{"start":{"line":5,"column":0},"end":{"line":5,"column":21}},"3":{"start":{"line":7,"column":0},"end":{"line":11,"column":2}}},"fnMap":{},"branchMap":{},"s":{"0":0,"1":0,"2":0,"3":0},"f":{},"b":{}}
,"/Users/georgiypetrenko/Documents/PROGRAMMING/GIT_HUB_PROJECTS/TEST_TASK_CLOUD_STORAGE/cloud-storage/src/vite-env.d.ts": {"path":"/Users/georgiypetrenko/Documents/PROGRAMMING/GIT_HUB_PROJECTS/TEST_TASK_CLOUD_STORAGE/cloud-storage/src/vite-env.d.ts","statementMap":{},"fnMap":{},"branchMap":{},"s":{},"f":{},"b":{}}
,"/Users/georgiypetrenko/Documents/PROGRAMMING/GIT_HUB_PROJECTS/TEST_TASK_CLOUD_STORAGE/cloud-storage/src/components/Companies/Companies.tsx": {"path":"/Users/georgiypetrenko/Documents/PROGRAMMING/GIT_HUB_PROJECTS/TEST_TASK_CLOUD_STORAGE/cloud-storage/src/components/Companies/Companies.tsx","statementMap":{"0":{"start":{"line":1,"column":0},"end":{"line":1,"column":65}},"1":{"start":{"line":3,"column":0},"end":{"line":3,"column":71}},"2":{"start":{"line":4,"column":0},"end":{"line":4,"column":53}},"3":{"start":{"line":5,"column":0},"end":{"line":5,"column":59}},"4":{"start":{"line":6,"column":0},"end":{"line":6,"column":76}},"5":{"start":{"line":7,"column":0},"end":{"line":7,"column":45}},"6":{"start":{"line":8,"column":0},"end":{"line":8,"column":56}},"7":{"start":{"line":9,"column":0},"end":{"line":9,"column":64}},"8":{"start":{"line":10,"column":0},"end":{"line":10,"column":56}},"9":{"start":{"line":11,"column":0},"end":{"line":11,"column":58}},"10":{"start":{"line":12,"column":0},"end":{"line":12,"column":52}},"11":{"start":{"line":13,"column":0},"end":{"line":13,"column":48}},"12":{"start":{"line":15,"column":0},"end":{"line":15,"column":45}},"13":{"start":{"line":22,"column":40},"end":{"line":190,"column":1}},"14":{"start":{"line":23,"column":38},"end":{"line":23,"column":61}},"15":{"start":{"line":24,"column":38},"end":{"line":24,"column":62}},"16":{"start":{"line":25,"column":42},"end":{"line":25,"column":65}},"17":{"start":{"line":26,"column":44},"end":{"line":26,"column":68}},"18":{"start":{"line":28,"column":20},"end":{"line":28,"column":51}},"19":{"start":{"line":30,"column":20},"end":{"line":30,"column":35}},"20":{"start":{"line":32,"column":29},"end":{"line":35,"column":3}},"21":{"start":{"line":33,"column":4},"end":{"line":33,"column":24}},"22":{"start":{"line":34,"column":4},"end":{"line":34,"column":25}},"23":{"start":{"line":37,"column":29},"end":{"line":40,"column":3}},"24":{"start":{"line":38,"column":4},"end":{"line":38,"column":25}},"25":{"start":{"line":39,"column":4},"end":{"line":39,"column":24}},"26":{"start":{"line":42,"column":31},"end":{"line":45,"column":3}},"27":{"start":{"line":43,"column":4},"end":{"line":43,"column":26}},"28":{"start":{"line":44,"column":4},"end":{"line":44,"column":28}},"29":{"start":{"line":47,"column":32},"end":{"line":50,"column":3}},"30":{"start":{"line":48,"column":4},"end":{"line":48,"column":27}},"31":{"start":{"line":49,"column":4},"end":{"line":49,"column":27}},"32":{"start":{"line":52,"column":35},"end":{"line":54,"column":null}},"33":{"start":{"line":53,"column":11},"end":{"line":53,"column":71}},"34":{"start":{"line":57,"column":30},"end":{"line":59,"column":null}},"35":{"start":{"line":58,"column":10},"end":{"line":58,"column":87}},"36":{"start":{"line":62,"column":31},"end":{"line":64,"column":null}},"37":{"start":{"line":63,"column":10},"end":{"line":63,"column":75}},"38":{"start":{"line":67,"column":25},"end":{"line":69,"column":null}},"39":{"start":{"line":68,"column":10},"end":{"line":68,"column":81}},"40":{"start":{"line":72,"column":21},"end":{"line":74,"column":null}},"41":{"start":{"line":73,"column":10},"end":{"line":73,"column":99}},"42":{"start":{"line":77,"column":24},"end":{"line":79,"column":null}},"43":{"start":{"line":78,"column":10},"end":{"line":78,"column":112}},"44":{"start":{"line":82,"column":21},"end":{"line":84,"column":null}},"45":{"start":{"line":83,"column":10},"end":{"line":83,"column":73}},"46":{"start":{"line":87,"column":2},"end":{"line":101,"column":86}},"47":{"start":{"line":88,"column":19},"end":{"line":88,"column":36}},"48":{"start":{"line":90,"column":4},"end":{"line":90,"column":24}},"49":{"start":{"line":90,"column":17},"end":{"line":90,"column":24}},"50":{"start":{"line":91,"column":20},"end":{"line":91,"column":71}},"51":{"start":{"line":93,"column":20},"end":{"line":93,"column":91}},"52":{"start":{"line":95,"column":4},"end":{"line":97,"column":63}},"53":{"start":{"line":98,"column":4},"end":{"line":100,"column":null}},"54":{"start":{"line":99,"column":6},"end":{"line":99,"column":72}},"55":{"start":{"line":103,"column":20},"end":{"line":170,"column":3}},"56":{"start":{"line":104,"column":4},"end":{"line":169,"column":6}},"57":{"start":{"line":172,"column":17},"end":{"line":178,"column":3}},"58":{"start":{"line":173,"column":4},"end":{"line":177,"column":6}},"59":{"start":{"line":180,"column":24},"end":{"line":187,"column":3}},"60":{"start":{"line":181,"column":4},"end":{"line":186,"column":6}},"61":{"start":{"line":189,"column":2},"end":{"line":189,"column":76}},"62":{"start":{"line":22,"column":13},"end":{"line":22,"column":40}}},"fnMap":{"0":{"name":"(anonymous_0)","decl":{"start":{"line":22,"column":40},"end":{"line":22,"column":41}},"loc":{"start":{"line":22,"column":66},"end":{"line":190,"column":1}}},"1":{"name":"(anonymous_1)","decl":{"start":{"line":32,"column":29},"end":{"line":32,"column":32}},"loc":{"start":{"line":32,"column":34},"end":{"line":35,"column":3}}},"2":{"name":"(anonymous_2)","decl":{"start":{"line":37,"column":29},"end":{"line":37,"column":32}},"loc":{"start":{"line":37,"column":34},"end":{"line":40,"column":3}}},"3":{"name":"(anonymous_3)","decl":{"start":{"line":42,"column":31},"end":{"line":42,"column":34}},"loc":{"start":{"line":42,"column":36},"end":{"line":45,"column":3}}},"4":{"name":"(anonymous_4)","decl":{"start":{"line":47,"column":32},"end":{"line":47,"column":35}},"loc":{"start":{"line":47,"column":37},"end":{"line":50,"column":3}}},"5":{"name":"(anonymous_5)","decl":{"start":{"line":53,"column":4},"end":{"line":53,"column":7}},"loc":{"start":{"line":53,"column":11},"end":{"line":53,"column":71}}},"6":{"name":"(anonymous_6)","decl":{"start":{"line":58,"column":4},"end":{"line":58,"column":7}},"loc":{"start":{"line":58,"column":10},"end":{"line":58,"column":87}}},"7":{"name":"(anonymous_7)","decl":{"start":{"line":63,"column":4},"end":{"line":63,"column":7}},"loc":{"start":{"line":63,"column":10},"end":{"line":63,"column":75}}},"8":{"name":"(anonymous_8)","decl":{"start":{"line":68,"column":4},"end":{"line":68,"column":7}},"loc":{"start":{"line":68,"column":10},"end":{"line":68,"column":81}}},"9":{"name":"(anonymous_9)","decl":{"start":{"line":73,"column":4},"end":{"line":73,"column":7}},"loc":{"start":{"line":73,"column":10},"end":{"line":73,"column":99}}},"10":{"name":"(anonymous_10)","decl":{"start":{"line":78,"column":4},"end":{"line":78,"column":7}},"loc":{"start":{"line":78,"column":10},"end":{"line":78,"column":112}}},"11":{"name":"(anonymous_11)","decl":{"start":{"line":83,"column":4},"end":{"line":83,"column":7}},"loc":{"start":{"line":83,"column":10},"end":{"line":83,"column":73}}},"12":{"name":"(anonymous_12)","decl":{"start":{"line":87,"column":12},"end":{"line":87,"column":15}},"loc":{"start":{"line":87,"column":17},"end":{"line":101,"column":3}}},"13":{"name":"(anonymous_13)","decl":{"start":{"line":103,"column":20},"end":{"line":103,"column":23}},"loc":{"start":{"line":103,"column":25},"end":{"line":170,"column":3}}},"14":{"name":"(anonymous_14)","decl":{"start":{"line":172,"column":17},"end":{"line":172,"column":20}},"loc":{"start":{"line":172,"column":22},"end":{"line":178,"column":3}}},"15":{"name":"(anonymous_15)","decl":{"start":{"line":180,"column":24},"end":{"line":180,"column":27}},"loc":{"start":{"line":180,"column":29},"end":{"line":187,"column":3}}}},"branchMap":{"0":{"loc":{"start":{"line":53,"column":11},"end":{"line":53,"column":71}},"type":"cond-expr","locations":[{"start":{"line":53,"column":24},"end":{"line":53,"column":46}},{"start":{"line":53,"column":49},"end":{"line":53,"column":71}}]},"1":{"loc":{"start":{"line":90,"column":4},"end":{"line":90,"column":24}},"type":"if","locations":[{"start":{"line":90,"column":4},"end":{"line":90,"column":24}}]},"2":{"loc":{"start":{"line":95,"column":4},"end":{"line":97,"column":62}},"type":"cond-expr","locations":[{"start":{"line":96,"column":8},"end":{"line":96,"column":60}},{"start":{"line":97,"column":8},"end":{"line":97,"column":62}}]},"3":{"loc":{"start":{"line":98,"column":4},"end":{"line":100,"column":null}},"type":"if","locations":[{"start":{"line":98,"column":4},"end":{"line":100,"column":null}}]}},"s":{"0":2,"1":2,"2":2,"3":2,"4":2,"5":2,"6":2,"7":2,"8":2,"9":2,"10":2,"11":2,"12":2,"13":2,"14":16,"15":16,"16":16,"17":16,"18":16,"19":16,"20":16,"21":1,"22":1,"23":16,"24":2,"25":2,"26":16,"27":1,"28":1,"29":16,"30":2,"31":2,"32":16,"33":5,"34":16,"35":6,"36":16,"37":5,"38":16,"39":6,"40":16,"41":7,"42":16,"43":7,"44":16,"45":6,"46":16,"47":8,"48":8,"49":0,"50":8,"51":8,"52":8,"53":8,"54":0,"55":16,"56":16,"57":16,"58":16,"59":16,"60":16,"61":16,"62":2},"f":{"0":16,"1":1,"2":2,"3":1,"4":2,"5":5,"6":6,"7":5,"8":6,"9":7,"10":7,"11":6,"12":8,"13":16,"14":16,"15":16},"b":{"0":[1,4],"1":[0],"2":[0,8],"3":[0]}}
,"/Users/georgiypetrenko/Documents/PROGRAMMING/GIT_HUB_PROJECTS/TEST_TASK_CLOUD_STORAGE/cloud-storage/src/components/Companies/index.ts": {"path":"/Users/georgiypetrenko/Documents/PROGRAMMING/GIT_HUB_PROJECTS/TEST_TASK_CLOUD_STORAGE/cloud-storage/src/components/Companies/index.ts","statementMap":{"0":{"start":{"line":1,"column":0},"end":{"line":1,"column":9}},"1":{"start":{"line":1,"column":9},"end":{"line":1,"column":40}}},"fnMap":{"0":{"name":"(anonymous_0)","decl":{"start":{"line":1,"column":9},"end":{"line":1,"column":18}},"loc":{"start":{"line":1,"column":9},"end":{"line":1,"column":40}}}},"branchMap":{},"s":{"0":2,"1":8},"f":{"0":6},"b":{}}
,"/Users/georgiypetrenko/Documents/PROGRAMMING/GIT_HUB_PROJECTS/TEST_TASK_CLOUD_STORAGE/cloud-storage/src/components/Icons/BackblazeIcon.tsx": {"path":"/Users/georgiypetrenko/Documents/PROGRAMMING/GIT_HUB_PROJECTS/TEST_TASK_CLOUD_STORAGE/cloud-storage/src/components/Icons/BackblazeIcon.tsx","statementMap":{"0":{"start":{"line":1,"column":0},"end":{"line":1,"column":29}},"1":{"start":{"line":3,"column":18},"end":{"line":15,"column":1}},"2":{"start":{"line":4,"column":2},"end":{"line":14,"column":4}},"3":{"start":{"line":17,"column":13},"end":{"line":17,"column":45}}},"fnMap":{"0":{"name":"(anonymous_0)","decl":{"start":{"line":3,"column":18},"end":{"line":3,"column":21}},"loc":{"start":{"line":3,"column":23},"end":{"line":15,"column":1}}}},"branchMap":{},"s":{"0":2,"1":2,"2":4,"3":2},"f":{"0":4},"b":{}}
,"/Users/georgiypetrenko/Documents/PROGRAMMING/GIT_HUB_PROJECTS/TEST_TASK_CLOUD_STORAGE/cloud-storage/src/components/Icons/BunnyIcon.tsx": {"path":"/Users/georgiypetrenko/Documents/PROGRAMMING/GIT_HUB_PROJECTS/TEST_TASK_CLOUD_STORAGE/cloud-storage/src/components/Icons/BunnyIcon.tsx","statementMap":{"0":{"start":{"line":1,"column":0},"end":{"line":1,"column":29}},"1":{"start":{"line":3,"column":14},"end":{"line":1213,"column":1}},"2":{"start":{"line":4,"column":2},"end":{"line":1212,"column":4}},"3":{"start":{"line":1215,"column":13},"end":{"line":1215,"column":37}}},"fnMap":{"0":{"name":"(anonymous_0)","decl":{"start":{"line":3,"column":14},"end":{"line":3,"column":17}},"loc":{"start":{"line":3,"column":19},"end":{"line":1213,"column":1}}}},"branchMap":{},"s":{"0":2,"1":2,"2":4,"3":2},"f":{"0":4},"b":{}}
,"/Users/georgiypetrenko/Documents/PROGRAMMING/GIT_HUB_PROJECTS/TEST_TASK_CLOUD_STORAGE/cloud-storage/src/components/Icons/Scaleway.tsx": {"path":"/Users/georgiypetrenko/Documents/PROGRAMMING/GIT_HUB_PROJECTS/TEST_TASK_CLOUD_STORAGE/cloud-storage/src/components/Icons/Scaleway.tsx","statementMap":{"0":{"start":{"line":1,"column":0},"end":{"line":1,"column":29}},"1":{"start":{"line":3,"column":17},"end":{"line":15,"column":1}},"2":{"start":{"line":4,"column":2},"end":{"line":14,"column":4}},"3":{"start":{"line":17,"column":13},"end":{"line":17,"column":43}}},"fnMap":{"0":{"name":"(anonymous_0)","decl":{"start":{"line":3,"column":17},"end":{"line":3,"column":20}},"loc":{"start":{"line":3,"column":22},"end":{"line":15,"column":1}}}},"branchMap":{},"s":{"0":2,"1":2,"2":4,"3":2},"f":{"0":4},"b":{}}
,"/Users/georgiypetrenko/Documents/PROGRAMMING/GIT_HUB_PROJECTS/TEST_TASK_CLOUD_STORAGE/cloud-storage/src/components/Icons/Vultr.tsx": {"path":"/Users/georgiypetrenko/Documents/PROGRAMMING/GIT_HUB_PROJECTS/TEST_TASK_CLOUD_STORAGE/cloud-storage/src/components/Icons/Vultr.tsx","statementMap":{"0":{"start":{"line":1,"column":0},"end":{"line":1,"column":29}},"1":{"start":{"line":3,"column":14},"end":{"line":19,"column":1}},"2":{"start":{"line":4,"column":2},"end":{"line":18,"column":4}},"3":{"start":{"line":21,"column":13},"end":{"line":21,"column":37}}},"fnMap":{"0":{"name":"(anonymous_0)","decl":{"start":{"line":3,"column":14},"end":{"line":3,"column":17}},"loc":{"start":{"line":3,"column":19},"end":{"line":19,"column":1}}}},"branchMap":{},"s":{"0":2,"1":2,"2":4,"3":2},"f":{"0":4},"b":{}}
,"/Users/georgiypetrenko/Documents/PROGRAMMING/GIT_HUB_PROJECTS/TEST_TASK_CLOUD_STORAGE/cloud-storage/src/components/Input/Input.tsx": {"path":"/Users/georgiypetrenko/Documents/PROGRAMMING/GIT_HUB_PROJECTS/TEST_TASK_CLOUD_STORAGE/cloud-storage/src/components/Input/Input.tsx","statementMap":{"0":{"start":{"line":1,"column":0},"end":{"line":1,"column":35}},"1":{"start":{"line":3,"column":13},"end":{"line":8,"column":93}},"2":{"start":{"line":8,"column":61},"end":{"line":8,"column":91}}},"fnMap":{"0":{"name":"(anonymous_0)","decl":{"start":{"line":8,"column":2},"end":{"line":8,"column":3}},"loc":{"start":{"line":8,"column":61},"end":{"line":8,"column":91}}}},"branchMap":{"0":{"loc":{"start":{"line":8,"column":26},"end":{"line":8,"column":39}},"type":"default-arg","locations":[{"start":{"line":8,"column":34},"end":{"line":8,"column":39}}]}},"s":{"0":2,"1":2,"2":56},"f":{"0":56},"b":{"0":[56]}}
,"/Users/georgiypetrenko/Documents/PROGRAMMING/GIT_HUB_PROJECTS/TEST_TASK_CLOUD_STORAGE/cloud-storage/src/components/Sliders/Sliders.tsx": {"path":"/Users/georgiypetrenko/Documents/PROGRAMMING/GIT_HUB_PROJECTS/TEST_TASK_CLOUD_STORAGE/cloud-storage/src/components/Sliders/Sliders.tsx","statementMap":{"0":{"start":{"line":2,"column":0},"end":{"line":2,"column":48}},"1":{"start":{"line":4,"column":0},"end":{"line":4,"column":43}},"2":{"start":{"line":13,"column":38},"end":{"line":51,"column":1}},"3":{"start":{"line":14,"column":2},"end":{"line":50,"column":4}},"4":{"start":{"line":29,"column":60},"end":{"line":29,"column":78}},"5":{"start":{"line":45,"column":60},"end":{"line":45,"column":79}},"6":{"start":{"line":13,"column":13},"end":{"line":13,"column":38}}},"fnMap":{"0":{"name":"(anonymous_0)","decl":{"start":{"line":13,"column":38},"end":{"line":13,"column":39}},"loc":{"start":{"line":13,"column":99},"end":{"line":51,"column":1}}},"1":{"name":"(anonymous_1)","decl":{"start":{"line":29,"column":22},"end":{"line":29,"column":23}},"loc":{"start":{"line":29,"column":60},"end":{"line":29,"column":78}}},"2":{"name":"(anonymous_2)","decl":{"start":{"line":45,"column":22},"end":{"line":45,"column":23}},"loc":{"start":{"line":45,"column":60},"end":{"line":45,"column":79}}}},"branchMap":{},"s":{"0":1,"1":1,"2":1,"3":4,"4":1,"5":1,"6":1},"f":{"0":4,"1":1,"2":1},"b":{}}
,"/Users/georgiypetrenko/Documents/PROGRAMMING/GIT_HUB_PROJECTS/TEST_TASK_CLOUD_STORAGE/cloud-storage/src/components/Sliders/index.ts": {"path":"/Users/georgiypetrenko/Documents/PROGRAMMING/GIT_HUB_PROJECTS/TEST_TASK_CLOUD_STORAGE/cloud-storage/src/components/Sliders/index.ts","statementMap":{"0":{"start":{"line":1,"column":0},"end":{"line":1,"column":9}},"1":{"start":{"line":1,"column":9},"end":{"line":1,"column":36}}},"fnMap":{"0":{"name":"(anonymous_0)","decl":{"start":{"line":1,"column":9},"end":{"line":1,"column":16}},"loc":{"start":{"line":1,"column":9},"end":{"line":1,"column":36}}}},"branchMap":{},"s":{"0":1,"1":5},"f":{"0":4},"b":{}}
,"/Users/georgiypetrenko/Documents/PROGRAMMING/GIT_HUB_PROJECTS/TEST_TASK_CLOUD_STORAGE/cloud-storage/src/constants/company.ts": {"path":"/Users/georgiypetrenko/Documents/PROGRAMMING/GIT_HUB_PROJECTS/TEST_TASK_CLOUD_STORAGE/cloud-storage/src/constants/company.ts","statementMap":{"0":{"start":{"line":3,"column":13},"end":{"line":7,"column":2}},"1":{"start":{"line":9,"column":13},"end":{"line":16,"column":2}},"2":{"start":{"line":18,"column":13},"end":{"line":33,"column":2}},"3":{"start":{"line":35,"column":13},"end":{"line":39,"column":2}}},"fnMap":{},"branchMap":{},"s":{"0":3,"1":3,"2":3,"3":3},"f":{},"b":{}}
,"/Users/georgiypetrenko/Documents/PROGRAMMING/GIT_HUB_PROJECTS/TEST_TASK_CLOUD_STORAGE/cloud-storage/src/constants/screens.ts": {"path":"/Users/georgiypetrenko/Documents/PROGRAMMING/GIT_HUB_PROJECTS/TEST_TASK_CLOUD_STORAGE/cloud-storage/src/constants/screens.ts","statementMap":{"0":{"start":{"line":3,"column":13},"end":{"line":6,"column":2}}},"fnMap":{},"branchMap":{},"s":{"0":2},"f":{},"b":{}}
,"/Users/georgiypetrenko/Documents/PROGRAMMING/GIT_HUB_PROJECTS/TEST_TASK_CLOUD_STORAGE/cloud-storage/src/hooks/useWindowSize.ts": {"path":"/Users/georgiypetrenko/Documents/PROGRAMMING/GIT_HUB_PROJECTS/TEST_TASK_CLOUD_STORAGE/cloud-storage/src/hooks/useWindowSize.ts","statementMap":{"0":{"start":{"line":1,"column":0},"end":{"line":1,"column":44}},"1":{"start":{"line":8,"column":29},"end":{"line":38,"column":1}},"2":{"start":{"line":9,"column":26},"end":{"line":12,"column":4}},"3":{"start":{"line":14,"column":24},"end":{"line":22,"column":3}},"4":{"start":{"line":15,"column":26},"end":{"line":15,"column":43}},"5":{"start":{"line":16,"column":27},"end":{"line":16,"column":45}},"6":{"start":{"line":18,"column":4},"end":{"line":21,"column":7}},"7":{"start":{"line":24,"column":2},"end":{"line":29,"column":13}},"8":{"start":{"line":25,"column":4},"end":{"line":25,"column":53}},"9":{"start":{"line":26,"column":4},"end":{"line":28,"column":6}},"10":{"start":{"line":27,"column":6},"end":{"line":27,"column":58}},"11":{"start":{"line":31,"column":2},"end":{"line":33,"column":9}},"12":{"start":{"line":32,"column":4},"end":{"line":32,"column":20}},"13":{"start":{"line":34,"column":2},"end":{"line":37,"column":4}},"14":{"start":{"line":8,"column":13},"end":{"line":8,"column":29}}},"fnMap":{"0":{"name":"(anonymous_0)","decl":{"start":{"line":8,"column":29},"end":{"line":8,"column":42}},"loc":{"start":{"line":8,"column":44},"end":{"line":38,"column":1}}},"1":{"name":"(anonymous_1)","decl":{"start":{"line":14,"column":24},"end":{"line":14,"column":27}},"loc":{"start":{"line":14,"column":29},"end":{"line":22,"column":3}}},"2":{"name":"(anonymous_2)","decl":{"start":{"line":24,"column":12},"end":{"line":24,"column":15}},"loc":{"start":{"line":24,"column":17},"end":{"line":29,"column":3}}},"3":{"name":"(anonymous_3)","decl":{"start":{"line":26,"column":11},"end":{"line":26,"column":14}},"loc":{"start":{"line":26,"column":16},"end":{"line":28,"column":5}}},"4":{"name":"(anonymous_4)","decl":{"start":{"line":31,"column":12},"end":{"line":31,"column":15}},"loc":{"start":{"line":31,"column":17},"end":{"line":33,"column":3}}}},"branchMap":{},"s":{"0":3,"1":3,"2":19,"3":19,"4":6,"5":6,"6":6,"7":19,"8":11,"9":11,"10":11,"11":19,"12":5,"13":19,"14":3},"f":{"0":19,"1":6,"2":11,"3":11,"4":5},"b":{}}
,"/Users/georgiypetrenko/Documents/PROGRAMMING/GIT_HUB_PROJECTS/TEST_TASK_CLOUD_STORAGE/cloud-storage/src/pages/MainPage.tsx": {"path":"/Users/georgiypetrenko/Documents/PROGRAMMING/GIT_HUB_PROJECTS/TEST_TASK_CLOUD_STORAGE/cloud-storage/src/pages/MainPage.tsx","statementMap":{"0":{"start":{"line":1,"column":0},"end":{"line":1,"column":46}},"1":{"start":{"line":3,"column":0},"end":{"line":3,"column":50}},"2":{"start":{"line":4,"column":0},"end":{"line":4,"column":46}},"3":{"start":{"line":6,"column":0},"end":{"line":6,"column":44}},"4":{"start":{"line":8,"column":24},"end":{"line":32,"column":1}},"5":{"start":{"line":9,"column":32},"end":{"line":9,"column":54}},"6":{"start":{"line":10,"column":34},"end":{"line":10,"column":56}},"7":{"start":{"line":12,"column":26},"end":{"line":14,"column":3}},"8":{"start":{"line":13,"column":4},"end":{"line":13,"column":32}},"9":{"start":{"line":16,"column":27},"end":{"line":18,"column":3}},"10":{"start":{"line":17,"column":4},"end":{"line":17,"column":33}},"11":{"start":{"line":20,"column":2},"end":{"line":31,"column":4}},"12":{"start":{"line":8,"column":13},"end":{"line":8,"column":24}}},"fnMap":{"0":{"name":"(anonymous_0)","decl":{"start":{"line":8,"column":24},"end":{"line":8,"column":27}},"loc":{"start":{"line":8,"column":29},"end":{"line":32,"column":1}}},"1":{"name":"(anonymous_1)","decl":{"start":{"line":12,"column":26},"end":{"line":12,"column":27}},"loc":{"start":{"line":12,"column":63},"end":{"line":14,"column":3}}},"2":{"name":"(anonymous_2)","decl":{"start":{"line":16,"column":27},"end":{"line":16,"column":28}},"loc":{"start":{"line":16,"column":64},"end":{"line":18,"column":3}}}},"branchMap":{},"s":{"0":1,"1":1,"2":1,"3":1,"4":1,"5":4,"6":4,"7":4,"8":1,"9":4,"10":1,"11":4,"12":1},"f":{"0":4,"1":1,"2":1},"b":{}}
,"/Users/georgiypetrenko/Documents/PROGRAMMING/GIT_HUB_PROJECTS/TEST_TASK_CLOUD_STORAGE/cloud-storage/src/services/canvasService.ts": {"path":"/Users/georgiypetrenko/Documents/PROGRAMMING/GIT_HUB_PROJECTS/TEST_TASK_CLOUD_STORAGE/cloud-storage/src/services/canvasService.ts","statementMap":{"0":{"start":{"line":5,"column":28},"end":{"line":5,"column":30}},"1":{"start":{"line":6,"column":29},"end":{"line":6,"column":31}},"2":{"start":{"line":7,"column":39},"end":{"line":7,"column":42}},"3":{"start":{"line":8,"column":41},"end":{"line":8,"column":44}},"4":{"start":{"line":10,"column":20},"end":{"line":10,"column":22}},"5":{"start":{"line":11,"column":20},"end":{"line":11,"column":33}},"6":{"start":{"line":13,"column":4},"end":{"line":13,"column":24}},"7":{"start":{"line":13,"column":17},"end":{"line":13,"column":24}},"8":{"start":{"line":14,"column":4},"end":{"line":14,"column":25}},"9":{"start":{"line":14,"column":18},"end":{"line":14,"column":25}},"10":{"start":{"line":16,"column":4},"end":{"line":16,"column":57}},"11":{"start":{"line":18,"column":4},"end":{"line":30,"column":null}},"12":{"start":{"line":18,"column":17},"end":{"line":18,"column":18}},"13":{"start":{"line":19,"column":6},"end":{"line":19,"column":43}},"14":{"start":{"line":20,"column":6},"end":{"line":20,"column":40}},"15":{"start":{"line":21,"column":6},"end":{"line":21,"column":35}},"16":{"start":{"line":22,"column":6},"end":{"line":26,"column":8}},"17":{"start":{"line":27,"column":6},"end":{"line":27,"column":73}},"18":{"start":{"line":29,"column":6},"end":{"line":29,"column":42}},"19":{"start":{"line":32,"column":4},"end":{"line":32,"column":24}},"20":{"start":{"line":33,"column":4},"end":{"line":33,"column":53}},"21":{"start":{"line":34,"column":4},"end":{"line":34,"column":42}},"22":{"start":{"line":35,"column":4},"end":{"line":35,"column":36}},"23":{"start":{"line":36,"column":4},"end":{"line":36,"column":26}},"24":{"start":{"line":37,"column":4},"end":{"line":37,"column":21}},"25":{"start":{"line":38,"column":4},"end":{"line":38,"column":22}},"26":{"start":{"line":42,"column":22},"end":{"line":42,"column":23}},"27":{"start":{"line":43,"column":20},"end":{"line":43,"column":21}},"28":{"start":{"line":45,"column":4},"end":{"line":45,"column":24}},"29":{"start":{"line":45,"column":17},"end":{"line":45,"column":24}},"30":{"start":{"line":46,"column":4},"end":{"line":46,"column":25}},"31":{"start":{"line":46,"column":18},"end":{"line":46,"column":25}},"32":{"start":{"line":48,"column":4},"end":{"line":48,"column":57}},"33":{"start":{"line":50,"column":4},"end":{"line":59,"column":null}},"34":{"start":{"line":50,"column":17},"end":{"line":50,"column":18}},"35":{"start":{"line":51,"column":6},"end":{"line":51,"column":43}},"36":{"start":{"line":52,"column":6},"end":{"line":52,"column":40}},"37":{"start":{"line":53,"column":6},"end":{"line":53,"column":35}},"38":{"start":{"line":55,"column":6},"end":{"line":55,"column":101}},"39":{"start":{"line":56,"column":6},"end":{"line":56,"column":73}},"40":{"start":{"line":58,"column":6},"end":{"line":58,"column":44}},"41":{"start":{"line":61,"column":4},"end":{"line":61,"column":24}},"42":{"start":{"line":62,"column":4},"end":{"line":62,"column":25}},"43":{"start":{"line":63,"column":4},"end":{"line":63,"column":42}},"44":{"start":{"line":64,"column":4},"end":{"line":64,"column":36}},"45":{"start":{"line":65,"column":4},"end":{"line":65,"column":26}},"46":{"start":{"line":66,"column":4},"end":{"line":66,"column":21}},"47":{"start":{"line":74,"column":20},"end":{"line":74,"column":22}},"48":{"start":{"line":75,"column":20},"end":{"line":75,"column":33}},"49":{"start":{"line":76,"column":4},"end":{"line":76,"column":25}},"50":{"start":{"line":78,"column":4},"end":{"line":78,"column":24}},"51":{"start":{"line":78,"column":17},"end":{"line":78,"column":24}},"52":{"start":{"line":79,"column":4},"end":{"line":79,"column":25}},"53":{"start":{"line":79,"column":18},"end":{"line":79,"column":25}},"54":{"start":{"line":81,"column":4},"end":{"line":81,"column":57}},"55":{"start":{"line":83,"column":4},"end":{"line":95,"column":null}},"56":{"start":{"line":83,"column":17},"end":{"line":83,"column":18}},"57":{"start":{"line":84,"column":6},"end":{"line":84,"column":43}},"58":{"start":{"line":85,"column":6},"end":{"line":85,"column":40}},"59":{"start":{"line":86,"column":6},"end":{"line":86,"column":35}},"60":{"start":{"line":87,"column":6},"end":{"line":91,"column":8}},"61":{"start":{"line":92,"column":6},"end":{"line":92,"column":73}},"62":{"start":{"line":94,"column":6},"end":{"line":94,"column":28}},"63":{"start":{"line":97,"column":4},"end":{"line":97,"column":24}},"64":{"start":{"line":98,"column":4},"end":{"line":98,"column":48}},"65":{"start":{"line":99,"column":4},"end":{"line":99,"column":37}},"66":{"start":{"line":100,"column":4},"end":{"line":100,"column":36}},"67":{"start":{"line":101,"column":4},"end":{"line":101,"column":26}},"68":{"start":{"line":102,"column":4},"end":{"line":102,"column":21}},"69":{"start":{"line":103,"column":4},"end":{"line":103,"column":22}},"70":{"start":{"line":107,"column":13},"end":{"line":107,"column":49}}},"fnMap":{"0":{"name":"(anonymous_0)","decl":{"start":{"line":9,"column":9},"end":{"line":9,"column":21}},"loc":{"start":{"line":9,"column":105},"end":{"line":39,"column":3}}},"1":{"name":"(anonymous_1)","decl":{"start":{"line":41,"column":9},"end":{"line":41,"column":23}},"loc":{"start":{"line":41,"column":107},"end":{"line":67,"column":3}}},"2":{"name":"(anonymous_2)","decl":{"start":{"line":68,"column":9},"end":{"line":68,"column":27}},"loc":{"start":{"line":72,"column":17},"end":{"line":104,"column":3}}}},"branchMap":{"0":{"loc":{"start":{"line":13,"column":4},"end":{"line":13,"column":24}},"type":"if","locations":[{"start":{"line":13,"column":4},"end":{"line":13,"column":24}}]},"1":{"loc":{"start":{"line":14,"column":4},"end":{"line":14,"column":25}},"type":"if","locations":[{"start":{"line":14,"column":4},"end":{"line":14,"column":25}}]},"2":{"loc":{"start":{"line":45,"column":4},"end":{"line":45,"column":24}},"type":"if","locations":[{"start":{"line":45,"column":4},"end":{"line":45,"column":24}}]},"3":{"loc":{"start":{"line":46,"column":4},"end":{"line":46,"column":25}},"type":"if","locations":[{"start":{"line":46,"column":4},"end":{"line":46,"column":25}}]},"4":{"loc":{"start":{"line":78,"column":4},"end":{"line":78,"column":24}},"type":"if","locations":[{"start":{"line":78,"column":4},"end":{"line":78,"column":24}}]},"5":{"loc":{"start":{"line":79,"column":4},"end":{"line":79,"column":25}},"type":"if","locations":[{"start":{"line":79,"column":4},"end":{"line":79,"column":25}}]}},"s":{"0":2,"1":2,"2":2,"3":2,"4":0,"5":0,"6":0,"7":0,"8":0,"9":0,"10":0,"11":0,"12":0,"13":0,"14":0,"15":0,"16":0,"17":0,"18":0,"19":0,"20":0,"21":0,"22":0,"23":0,"24":0,"25":0,"26":8,"27":8,"28":8,"29":0,"30":8,"31":0,"32":8,"33":8,"34":8,"35":32,"36":32,"37":32,"38":32,"39":32,"40":32,"41":8,"42":8,"43":8,"44":8,"45":8,"46":8,"47":0,"48":0,"49":0,"50":0,"51":0,"52":0,"53":0,"54":0,"55":0,"56":0,"57":0,"58":0,"59":0,"60":0,"61":0,"62":0,"63":0,"64":0,"65":0,"66":0,"67":0,"68":0,"69":0,"70":2},"f":{"0":0,"1":8,"2":0},"b":{"0":[0],"1":[0],"2":[0],"3":[0],"4":[0],"5":[0]}}
,"/Users/georgiypetrenko/Documents/PROGRAMMING/GIT_HUB_PROJECTS/TEST_TASK_CLOUD_STORAGE/cloud-storage/src/services/priceСalculationService.ts": {"path":"/Users/georgiypetrenko/Documents/PROGRAMMING/GIT_HUB_PROJECTS/TEST_TASK_CLOUD_STORAGE/cloud-storage/src/services/priceСalculationService.ts","statementMap":{"0":{"start":{"line":6,"column":56},"end":{"line":6,"column":65}},"1":{"start":{"line":8,"column":32},"end":{"line":8,"column":54}},"2":{"start":{"line":9,"column":33},"end":{"line":9,"column":57}},"3":{"start":{"line":10,"column":22},"end":{"line":10,"column":64}},"4":{"start":{"line":11,"column":24},"end":{"line":11,"column":71}},"5":{"start":{"line":12,"column":4},"end":{"line":12,"column":43}},"6":{"start":{"line":15,"column":42},"end":{"line":15,"column":47}},"7":{"start":{"line":16,"column":25},"end":{"line":16,"column":49}},"8":{"start":{"line":18,"column":32},"end":{"line":18,"column":54}},"9":{"start":{"line":19,"column":33},"end":{"line":19,"column":57}},"10":{"start":{"line":20,"column":22},"end":{"line":20,"column":64}},"11":{"start":{"line":21,"column":24},"end":{"line":21,"column":71}},"12":{"start":{"line":22,"column":4},"end":{"line":22,"column":63}},"13":{"start":{"line":25,"column":25},"end":{"line":25,"column":44}},"14":{"start":{"line":26,"column":26},"end":{"line":26,"column":46}},"15":{"start":{"line":28,"column":32},"end":{"line":28,"column":61}},"16":{"start":{"line":29,"column":33},"end":{"line":29,"column":64}},"17":{"start":{"line":30,"column":22},"end":{"line":30,"column":64}},"18":{"start":{"line":31,"column":24},"end":{"line":31,"column":33}},"19":{"start":{"line":32,"column":4},"end":{"line":32,"column":43}},"20":{"start":{"line":35,"column":56},"end":{"line":35,"column":61}},"21":{"start":{"line":37,"column":32},"end":{"line":37,"column":54}},"22":{"start":{"line":38,"column":33},"end":{"line":38,"column":57}},"23":{"start":{"line":39,"column":22},"end":{"line":39,"column":64}},"24":{"start":{"line":40,"column":24},"end":{"line":40,"column":71}},"25":{"start":{"line":41,"column":4},"end":{"line":41,"column":43}},"26":{"start":{"line":44,"column":30},"end":{"line":44,"column":51}},"27":{"start":{"line":45,"column":23},"end":{"line":45,"column":66}},"28":{"start":{"line":46,"column":24},"end":{"line":46,"column":69}},"29":{"start":{"line":47,"column":4},"end":{"line":47,"column":51}},"30":{"start":{"line":50,"column":32},"end":{"line":50,"column":54}},"31":{"start":{"line":51,"column":4},"end":{"line":51,"column":44}},"32":{"start":{"line":55,"column":13},"end":{"line":55,"column":69}}},"fnMap":{"0":{"name":"(anonymous_0)","decl":{"start":{"line":5,"column":9},"end":{"line":5,"column":26}},"loc":{"start":{"line":5,"column":82},"end":{"line":13,"column":3}}},"1":{"name":"(anonymous_1)","decl":{"start":{"line":14,"column":9},"end":{"line":14,"column":22}},"loc":{"start":{"line":14,"column":104},"end":{"line":23,"column":3}}},"2":{"name":"(anonymous_2)","decl":{"start":{"line":24,"column":9},"end":{"line":24,"column":25}},"loc":{"start":{"line":24,"column":118},"end":{"line":33,"column":3}}},"3":{"name":"(anonymous_3)","decl":{"start":{"line":34,"column":9},"end":{"line":34,"column":22}},"loc":{"start":{"line":34,"column":70},"end":{"line":42,"column":3}}},"4":{"name":"(anonymous_4)","decl":{"start":{"line":43,"column":9},"end":{"line":43,"column":29}},"loc":{"start":{"line":43,"column":88},"end":{"line":48,"column":3}}},"5":{"name":"(anonymous_5)","decl":{"start":{"line":49,"column":9},"end":{"line":49,"column":30}},"loc":{"start":{"line":49,"column":67},"end":{"line":52,"column":3}}}},"branchMap":{"0":{"loc":{"start":{"line":11,"column":24},"end":{"line":11,"column":71}},"type":"cond-expr","locations":[{"start":{"line":11,"column":49},"end":{"line":11,"column":59}},{"start":{"line":11,"column":62},"end":{"line":11,"column":71}}]},"1":{"loc":{"start":{"line":12,"column":11},"end":{"line":12,"column":42}},"type":"cond-expr","locations":[{"start":{"line":12,"column":27},"end":{"line":12,"column":38}},{"start":{"line":12,"column":41},"end":{"line":12,"column":42}}]},"2":{"loc":{"start":{"line":21,"column":24},"end":{"line":21,"column":71}},"type":"cond-expr","locations":[{"start":{"line":21,"column":49},"end":{"line":21,"column":59}},{"start":{"line":21,"column":62},"end":{"line":21,"column":71}}]},"3":{"loc":{"start":{"line":22,"column":11},"end":{"line":22,"column":62}},"type":"cond-expr","locations":[{"start":{"line":22,"column":47},"end":{"line":22,"column":58}},{"start":{"line":22,"column":61},"end":{"line":22,"column":62}}]},"4":{"loc":{"start":{"line":22,"column":11},"end":{"line":22,"column":43}},"type":"binary-expr","locations":[{"start":{"line":22,"column":11},"end":{"line":22,"column":24}},{"start":{"line":22,"column":29},"end":{"line":22,"column":43}}]},"5":{"loc":{"start":{"line":32,"column":11},"end":{"line":32,"column":42}},"type":"cond-expr","locations":[{"start":{"line":32,"column":27},"end":{"line":32,"column":38}},{"start":{"line":32,"column":41},"end":{"line":32,"column":42}}]},"6":{"loc":{"start":{"line":40,"column":24},"end":{"line":40,"column":71}},"type":"cond-expr","locations":[{"start":{"line":40,"column":49},"end":{"line":40,"column":59}},{"start":{"line":40,"column":62},"end":{"line":40,"column":71}}]},"7":{"loc":{"start":{"line":41,"column":11},"end":{"line":41,"column":42}},"type":"cond-expr","locations":[{"start":{"line":41,"column":27},"end":{"line":41,"column":38}},{"start":{"line":41,"column":41},"end":{"line":41,"column":42}}]},"8":{"loc":{"start":{"line":45,"column":23},"end":{"line":45,"column":66}},"type":"cond-expr","locations":[{"start":{"line":45,"column":38},"end":{"line":45,"column":48}},{"start":{"line":45,"column":51},"end":{"line":45,"column":66}}]},"9":{"loc":{"start":{"line":46,"column":24},"end":{"line":46,"column":69}},"type":"cond-expr","locations":[{"start":{"line":46,"column":39},"end":{"line":46,"column":50}},{"start":{"line":46,"column":53},"end":{"line":46,"column":69}}]},"10":{"loc":{"start":{"line":47,"column":11},"end":{"line":47,"column":50}},"type":"cond-expr","locations":[{"start":{"line":47,"column":26},"end":{"line":47,"column":36}},{"start":{"line":47,"column":39},"end":{"line":47,"column":50}}]},"11":{"loc":{"start":{"line":51,"column":11},"end":{"line":51,"column":43}},"type":"cond-expr","locations":[{"start":{"line":51,"column":27},"end":{"line":51,"column":31}},{"start":{"line":51,"column":34},"end":{"line":51,"column":43}}]}},"s":{"0":10,"1":10,"2":10,"3":10,"4":10,"5":10,"6":15,"7":15,"8":15,"9":15,"10":15,"11":15,"12":15,"13":15,"14":15,"15":15,"16":15,"17":15,"18":15,"19":15,"20":10,"21":10,"22":10,"23":10,"24":10,"25":10,"26":14,"27":14,"28":14,"29":14,"30":9,"31":9,"32":3},"f":{"0":10,"1":15,"2":15,"3":10,"4":14,"5":9},"b":{"0":[6,4],"1":[10,0],"2":[6,9],"3":[15,0],"4":[15,15],"5":[15,0],"6":[4,6],"7":[10,0],"8":[2,12],"9":[2,12],"10":[9,5],"11":[2,7]}}
,"/Users/georgiypetrenko/Documents/PROGRAMMING/GIT_HUB_PROJECTS/TEST_TASK_CLOUD_STORAGE/cloud-storage/src/utils/createChartsData.ts": {"path":"/Users/georgiypetrenko/Documents/PROGRAMMING/GIT_HUB_PROJECTS/TEST_TASK_CLOUD_STORAGE/cloud-storage/src/utils/createChartsData.ts","statementMap":{"0":{"start":{"line":3,"column":32},"end":{"line":33,"column":1}},"1":{"start":{"line":9,"column":34},"end":{"line":26,"column":4}},"2":{"start":{"line":28,"column":19},"end":{"line":28,"column":82}},"3":{"start":{"line":29,"column":2},"end":{"line":32,"column":5}},"4":{"start":{"line":30,"column":4},"end":{"line":30,"column":101}},"5":{"start":{"line":31,"column":4},"end":{"line":31,"column":19}},"6":{"start":{"line":3,"column":13},"end":{"line":3,"column":32}}},"fnMap":{"0":{"name":"(anonymous_0)","decl":{"start":{"line":3,"column":32},"end":{"line":3,"column":null}},"loc":{"start":{"line":8,"column":18},"end":{"line":33,"column":1}}},"1":{"name":"(anonymous_1)","decl":{"start":{"line":29,"column":23},"end":{"line":29,"column":24}},"loc":{"start":{"line":29,"column":47},"end":{"line":32,"column":3}}}},"branchMap":{"0":{"loc":{"start":{"line":30,"column":4},"end":{"line":30,"column":100}},"type":"cond-expr","locations":[{"start":{"line":30,"column":34},"end":{"line":30,"column":69}},{"start":{"line":30,"column":74},"end":{"line":30,"column":99}}]}},"s":{"0":2,"1":8,"2":8,"3":8,"4":32,"5":32,"6":2},"f":{"0":8,"1":32},"b":{"0":[9,23]}}
}
