TN:
SF:src/App.tsx
FN:5,App
FNF:1
FNH:0
FNDA:0,App
DA:1,0
DA:3,0
DA:6,0
DA:13,0
LF:4
LH:0
BRF:0
BRH:0
end_of_record
TN:
SF:src/main.tsx
FNF:0
FNH:0
DA:2,0
DA:3,0
DA:5,0
DA:7,0
LF:4
LH:0
BRF:0
BRH:0
end_of_record
TN:
SF:src/vite-env.d.ts
FNF:0
FNH:0
LF:0
LH:0
BRF:0
BRH:0
end_of_record
TN:
SF:src/components/Companies/Companies.tsx
FN:22,(anonymous_0)
FN:32,(anonymous_1)
FN:37,(anonymous_2)
FN:42,(anonymous_3)
FN:47,(anonymous_4)
FN:53,(anonymous_5)
FN:58,(anonymous_6)
FN:63,(anonymous_7)
FN:68,(anonymous_8)
FN:73,(anonymous_9)
FN:78,(anonymous_10)
FN:83,(anonymous_11)
FN:87,(anonymous_12)
FN:103,(anonymous_13)
FN:172,(anonymous_14)
FN:180,(anonymous_15)
FNF:16
FNH:16
FNDA:16,(anonymous_0)
FNDA:1,(anonymous_1)
FNDA:2,(anonymous_2)
FNDA:1,(anonymous_3)
FNDA:2,(anonymous_4)
FNDA:5,(anonymous_5)
FNDA:6,(anonymous_6)
FNDA:5,(anonymous_7)
FNDA:6,(anonymous_8)
FNDA:7,(anonymous_9)
FNDA:7,(anonymous_10)
FNDA:6,(anonymous_11)
FNDA:8,(anonymous_12)
FNDA:16,(anonymous_13)
FNDA:16,(anonymous_14)
FNDA:16,(anonymous_15)
DA:1,2
DA:3,2
DA:4,2
DA:5,2
DA:6,2
DA:7,2
DA:8,2
DA:9,2
DA:10,2
DA:11,2
DA:12,2
DA:13,2
DA:15,2
DA:22,2
DA:23,16
DA:24,16
DA:25,16
DA:26,16
DA:28,16
DA:30,16
DA:32,16
DA:33,1
DA:34,1
DA:37,16
DA:38,2
DA:39,2
DA:42,16
DA:43,1
DA:44,1
DA:47,16
DA:48,2
DA:49,2
DA:52,16
DA:53,5
DA:57,16
DA:58,6
DA:62,16
DA:63,5
DA:67,16
DA:68,6
DA:72,16
DA:73,7
DA:77,16
DA:78,7
DA:82,16
DA:83,6
DA:87,16
DA:88,8
DA:90,8
DA:91,8
DA:93,8
DA:95,8
DA:98,8
DA:99,0
DA:103,16
DA:104,16
DA:172,16
DA:173,16
DA:180,16
DA:181,16
DA:189,16
LF:61
LH:60
BRDA:53,0,0,1
BRDA:53,0,1,4
BRDA:90,1,0,0
BRDA:95,2,0,0
BRDA:95,2,1,8
BRDA:98,3,0,0
BRF:6
BRH:3
end_of_record
TN:
SF:src/components/Companies/index.ts
FN:1,(anonymous_0)
FNF:1
FNH:1
FNDA:6,(anonymous_0)
DA:1,8
LF:1
LH:1
BRF:0
BRH:0
end_of_record
TN:
SF:src/components/Icons/BackblazeIcon.tsx
FN:3,(anonymous_0)
FNF:1
FNH:1
FNDA:4,(anonymous_0)
DA:1,2
DA:3,2
DA:4,4
DA:17,2
LF:4
LH:4
BRF:0
BRH:0
end_of_record
TN:
SF:src/components/Icons/BunnyIcon.tsx
FN:3,(anonymous_0)
FNF:1
FNH:1
FNDA:4,(anonymous_0)
DA:1,2
DA:3,2
DA:4,4
DA:1215,2
LF:4
LH:4
BRF:0
BRH:0
end_of_record
TN:
SF:src/components/Icons/Scaleway.tsx
FN:3,(anonymous_0)
FNF:1
FNH:1
FNDA:4,(anonymous_0)
DA:1,2
DA:3,2
DA:4,4
DA:17,2
LF:4
LH:4
BRF:0
BRH:0
end_of_record
TN:
SF:src/components/Icons/Vultr.tsx
FN:3,(anonymous_0)
FNF:1
FNH:1
FNDA:4,(anonymous_0)
DA:1,2
DA:3,2
DA:4,4
DA:21,2
LF:4
LH:4
BRF:0
BRH:0
end_of_record
TN:
SF:src/components/Input/Input.tsx
FN:8,(anonymous_0)
FNF:1
FNH:1
FNDA:56,(anonymous_0)
DA:1,2
DA:3,2
DA:8,56
LF:3
LH:3
BRDA:8,0,0,56
BRF:1
BRH:1
end_of_record
TN:
SF:src/components/Sliders/Sliders.tsx
FN:13,(anonymous_0)
FN:29,(anonymous_1)
FN:45,(anonymous_2)
FNF:3
FNH:3
FNDA:4,(anonymous_0)
FNDA:1,(anonymous_1)
FNDA:1,(anonymous_2)
DA:2,1
DA:4,1
DA:13,1
DA:14,4
DA:29,1
DA:45,1
LF:6
LH:6
BRF:0
BRH:0
end_of_record
TN:
SF:src/components/Sliders/index.ts
FN:1,(anonymous_0)
FNF:1
FNH:1
FNDA:4,(anonymous_0)
DA:1,5
LF:1
LH:1
BRF:0
BRH:0
end_of_record
TN:
SF:src/constants/company.ts
FNF:0
FNH:0
DA:3,3
DA:9,3
DA:18,3
DA:35,3
LF:4
LH:4
BRF:0
BRH:0
end_of_record
TN:
SF:src/constants/screens.ts
FNF:0
FNH:0
DA:3,2
LF:1
LH:1
BRF:0
BRH:0
end_of_record
TN:
SF:src/hooks/useWindowSize.ts
FN:8,(anonymous_0)
FN:14,(anonymous_1)
FN:24,(anonymous_2)
FN:26,(anonymous_3)
FN:31,(anonymous_4)
FNF:5
FNH:5
FNDA:19,(anonymous_0)
FNDA:6,(anonymous_1)
FNDA:11,(anonymous_2)
FNDA:11,(anonymous_3)
FNDA:5,(anonymous_4)
DA:1,3
DA:8,3
DA:9,19
DA:14,19
DA:15,6
DA:16,6
DA:18,6
DA:24,19
DA:25,11
DA:26,11
DA:27,11
DA:31,19
DA:32,5
DA:34,19
LF:14
LH:14
BRF:0
BRH:0
end_of_record
TN:
SF:src/pages/MainPage.tsx
FN:8,(anonymous_0)
FN:12,(anonymous_1)
FN:16,(anonymous_2)
FNF:3
FNH:3
FNDA:4,(anonymous_0)
FNDA:1,(anonymous_1)
FNDA:1,(anonymous_2)
DA:1,1
DA:3,1
DA:4,1
DA:6,1
DA:8,1
DA:9,4
DA:10,4
DA:12,4
DA:13,1
DA:16,4
DA:17,1
DA:20,4
LF:12
LH:12
BRF:0
BRH:0
end_of_record
TN:
SF:src/services/canvasService.ts
FN:9,(anonymous_0)
FN:41,(anonymous_1)
FN:68,(anonymous_2)
FNF:3
FNH:1
FNDA:0,(anonymous_0)
FNDA:8,(anonymous_1)
FNDA:0,(anonymous_2)
DA:5,2
DA:6,2
DA:7,2
DA:8,2
DA:10,0
DA:11,0
DA:13,0
DA:14,0
DA:16,0
DA:18,0
DA:19,0
DA:20,0
DA:21,0
DA:22,0
DA:27,0
DA:29,0
DA:32,0
DA:33,0
DA:34,0
DA:35,0
DA:36,0
DA:37,0
DA:38,0
DA:42,8
DA:43,8
DA:45,8
DA:46,8
DA:48,8
DA:50,8
DA:51,32
DA:52,32
DA:53,32
DA:55,32
DA:56,32
DA:58,32
DA:61,8
DA:62,8
DA:63,8
DA:64,8
DA:65,8
DA:66,8
DA:74,0
DA:75,0
DA:76,0
DA:78,0
DA:79,0
DA:81,0
DA:83,0
DA:84,0
DA:85,0
DA:86,0
DA:87,0
DA:92,0
DA:94,0
DA:97,0
DA:98,0
DA:99,0
DA:100,0
DA:101,0
DA:102,0
DA:103,0
DA:107,2
LF:62
LH:23
BRDA:13,0,0,0
BRDA:14,1,0,0
BRDA:45,2,0,0
BRDA:46,3,0,0
BRDA:78,4,0,0
BRDA:79,5,0,0
BRF:6
BRH:0
end_of_record
TN:
SF:src/services/priceСalculationService.ts
FN:5,(anonymous_0)
FN:14,(anonymous_1)
FN:24,(anonymous_2)
FN:34,(anonymous_3)
FN:43,(anonymous_4)
FN:49,(anonymous_5)
FNF:6
FNH:6
FNDA:10,(anonymous_0)
FNDA:15,(anonymous_1)
FNDA:15,(anonymous_2)
FNDA:10,(anonymous_3)
FNDA:14,(anonymous_4)
FNDA:9,(anonymous_5)
DA:6,10
DA:8,10
DA:9,10
DA:10,10
DA:11,10
DA:12,10
DA:15,15
DA:16,15
DA:18,15
DA:19,15
DA:20,15
DA:21,15
DA:22,15
DA:25,15
DA:26,15
DA:28,15
DA:29,15
DA:30,15
DA:31,15
DA:32,15
DA:35,10
DA:37,10
DA:38,10
DA:39,10
DA:40,10
DA:41,10
DA:44,14
DA:45,14
DA:46,14
DA:47,14
DA:50,9
DA:51,9
DA:55,3
LF:33
LH:33
BRDA:11,0,0,6
BRDA:11,0,1,4
BRDA:12,1,0,10
BRDA:12,1,1,0
BRDA:21,2,0,6
BRDA:21,2,1,9
BRDA:22,3,0,15
BRDA:22,3,1,0
BRDA:22,4,0,15
BRDA:22,4,1,15
BRDA:32,5,0,15
BRDA:32,5,1,0
BRDA:40,6,0,4
BRDA:40,6,1,6
BRDA:41,7,0,10
BRDA:41,7,1,0
BRDA:45,8,0,2
BRDA:45,8,1,12
BRDA:46,9,0,2
BRDA:46,9,1,12
BRDA:47,10,0,9
BRDA:47,10,1,5
BRDA:51,11,0,2
BRDA:51,11,1,7
BRF:24
BRH:20
end_of_record
TN:
SF:src/utils/createChartsData.ts
FN:3,(anonymous_0)
FN:29,(anonymous_1)
FNF:2
FNH:2
FNDA:8,(anonymous_0)
FNDA:32,(anonymous_1)
DA:3,2
DA:9,8
DA:28,8
DA:29,8
DA:30,32
DA:31,32
LF:6
LH:6
BRDA:30,0,0,9
BRDA:30,0,1,23
BRF:2
BRH:2
end_of_record
